# JRE version: OpenJDK Runtime Environment (8.0_152-b01) (build 1.8.0_152-release-1343-b01)
# Java VM: OpenJDK 64-Bit Server VM (25.152-b01 mixed mode windows-amd64 compressed oops)
Heap:
 PSYoungGen      total 465920K, used 195200K [0x00000000e0000000, 0x0000000100000000, 0x0000000100000000)
  eden space 406528K, 45% used [0x00000000e0000000,0x00000000eb477090,0x00000000f8d00000)
  from space 59392K, 17% used [0x00000000fc600000,0x00000000fd0291e8,0x0000000100000000)
  to   space 58368K, 0% used [0x00000000f8d00000,0x00000000f8d00000,0x00000000fc600000)
 ParOldGen       total 182272K, used 105757K [0x00000000a0000000, 0x00000000ab200000, 0x00000000e0000000)
  object space 182272K, 58% used [0x00000000a0000000,0x00000000a6747620,0x00000000ab200000)
 Metaspace       used 61410K, capacity 63456K, committed 63576K, reserved 1105920K
  class space    used 7119K, capacity 7712K, committed 7808K, reserved 1048576K
GC Heap History (10 events):
Event: 690.652 GC heap before
{Heap before GC invocations=22 (full 4):
 PSYoungGen      total 245248K, used 211968K [0x00000000e0000000, 0x00000000f8980000, 0x0000000100000000)
  eden space 211968K, 100% used [0x00000000e0000000,0x00000000ecf00000,0x00000000ecf00000)
  from space 33280K, 0% used [0x00000000ecf00000,0x00000000ecf00000,0x00000000eef80000)
  to   space 48640K, 0% used [0x00000000f5a00000,0x00000000f5a00000,0x00000000f8980000)
 ParOldGen       total 182272K, used 58094K [0x00000000a0000000, 0x00000000ab200000, 0x00000000e0000000)
  object space 182272K, 31% used [0x00000000a0000000,0x00000000a38bb928,0x00000000ab200000)
 Metaspace       used 55968K, capacity 57492K, committed 57816K, reserved 1099776K
  class space    used 6685K, capacity 7076K, committed 7168K, reserved 1048576K
Event: 690.675 GC heap after
Heap after GC invocations=22 (full 4):
 PSYoungGen      total 292352K, used 16171K [0x00000000e0000000, 0x00000000f6a00000, 0x0000000100000000)
  eden space 275968K, 0% used [0x00000000e0000000,0x00000000e0000000,0x00000000f0d80000)
  from space 16384K, 98% used [0x00000000f5a00000,0x00000000f69cac98,0x00000000f6a00000)
  to   space 46080K, 0% used [0x00000000f1000000,0x00000000f1000000,0x00000000f3d00000)
 ParOldGen       total 182272K, used 58102K [0x00000000a0000000, 0x00000000ab200000, 0x00000000e0000000)
  object space 182272K, 31% used [0x00000000a0000000,0x00000000a38bd928,0x00000000ab200000)
 Metaspace       used 55968K, capacity 57492K, committed 57816K, reserved 1099776K
  class space    used 6685K, capacity 7076K, committed 7168K, reserved 1048576K
}
Event: 1454.709 GC heap before
{Heap before GC invocations=23 (full 4):
 PSYoungGen      total 292352K, used 292139K [0x00000000e0000000, 0x00000000f6a00000, 0x0000000100000000)
  eden space 275968K, 100% used [0x00000000e0000000,0x00000000f0d80000,0x00000000f0d80000)
  from space 16384K, 98% used [0x00000000f5a00000,0x00000000f69cac98,0x00000000f6a00000)
  to   space 46080K, 0% used [0x00000000f1000000,0x00000000f1000000,0x00000000f3d00000)
 ParOldGen       total 182272K, used 58102K [0x00000000a0000000, 0x00000000ab200000, 0x00000000e0000000)
  object space 182272K, 31% used [0x00000000a0000000,0x00000000a38bd928,0x00000000ab200000)
 Metaspace       used 57192K, capacity 58764K, committed 58968K, reserved 1101824K
  class space    used 6767K, capacity 7194K, committed 7296K, reserved 1048576K
Event: 1454.814 GC heap after
Heap after GC invocations=23 (full 4):
 PSYoungGen      total 324608K, used 46063K [0x00000000e0000000, 0x00000000fc580000, 0x0000000100000000)
  eden space 278528K, 0% used [0x00000000e0000000,0x00000000e0000000,0x00000000f1000000)
  from space 46080K, 99% used [0x00000000f1000000,0x00000000f3cfbd18,0x00000000f3d00000)
  to   space 55808K, 0% used [0x00000000f8f00000,0x00000000f8f00000,0x00000000fc580000)
 ParOldGen       total 182272K, used 64710K [0x00000000a0000000, 0x00000000ab200000, 0x00000000e0000000)
  object space 182272K, 35% used [0x00000000a0000000,0x00000000a3f31bf8,0x00000000ab200000)
 Metaspace       used 57192K, capacity 58764K, committed 58968K, reserved 1101824K
  class space    used 6767K, capacity 7194K, committed 7296K, reserved 1048576K
}
Event: 1954.433 GC heap before
{Heap before GC invocations=24 (full 4):
 PSYoungGen      total 324608K, used 324591K [0x00000000e0000000, 0x00000000fc580000, 0x0000000100000000)
  eden space 278528K, 100% used [0x00000000e0000000,0x00000000f1000000,0x00000000f1000000)
  from space 46080K, 99% used [0x00000000f1000000,0x00000000f3cfbd18,0x00000000f3d00000)
  to   space 55808K, 0% used [0x00000000f8f00000,0x00000000f8f00000,0x00000000fc580000)
 ParOldGen       total 182272K, used 64710K [0x00000000a0000000, 0x00000000ab200000, 0x00000000e0000000)
  object space 182272K, 35% used [0x00000000a0000000,0x00000000a3f31bf8,0x00000000ab200000)
 Metaspace       used 58224K, capacity 59854K, committed 60120K, reserved 1101824K
  class space    used 6833K, capacity 7299K, committed 7424K, reserved 1048576K
Event: 1954.573 GC heap after
Heap after GC invocations=24 (full 4):
 PSYoungGen      total 404480K, used 35038K [0x00000000e0000000, 0x00000000fc500000, 0x0000000100000000)
  eden space 349184K, 0% used [0x00000000e0000000,0x00000000e0000000,0x00000000f5500000)
  from space 55296K, 63% used [0x00000000f8f00000,0x00000000fb137940,0x00000000fc500000)
  to   space 57344K, 0% used [0x00000000f5500000,0x00000000f5500000,0x00000000f8d00000)
 ParOldGen       total 182272K, used 100326K [0x00000000a0000000, 0x00000000ab200000, 0x00000000e0000000)
  object space 182272K, 55% used [0x00000000a0000000,0x00000000a61f9870,0x00000000ab200000)
 Metaspace       used 58224K, capacity 59854K, committed 60120K, reserved 1101824K
  class space    used 6833K, capacity 7299K, committed 7424K, reserved 1048576K
}
Event: 2150.037 GC heap before
{Heap before GC invocations=25 (full 4):
 PSYoungGen      total 404480K, used 384222K [0x00000000e0000000, 0x00000000fc500000, 0x0000000100000000)
  eden space 349184K, 100% used [0x00000000e0000000,0x00000000f5500000,0x00000000f5500000)
  from space 55296K, 63% used [0x00000000f8f00000,0x00000000fb137940,0x00000000fc500000)
  to   space 57344K, 0% used [0x00000000f5500000,0x00000000f5500000,0x00000000f8d00000)
 ParOldGen       total 182272K, used 100326K [0x00000000a0000000, 0x00000000ab200000, 0x00000000e0000000)
  object space 182272K, 55% used [0x00000000a0000000,0x00000000a61f9870,0x00000000ab200000)
 Metaspace       used 59497K, capacity 61338K, committed 61528K, reserved 1103872K
  class space    used 6954K, capacity 7463K, committed 7552K, reserved 1048576K
Event: 2150.104 GC heap after
Heap after GC invocations=25 (full 4):
 PSYoungGen      total 406528K, used 39036K [0x00000000e0000000, 0x0000000100000000, 0x0000000100000000)
  eden space 349184K, 0% used [0x00000000e0000000,0x00000000e0000000,0x00000000f5500000)
  from space 57344K, 68% used [0x00000000f5500000,0x00000000f7b1f320,0x00000000f8d00000)
  to   space 59392K, 0% used [0x00000000fc600000,0x00000000fc600000,0x0000000100000000)
 ParOldGen       total 182272K, used 100606K [0x00000000a0000000, 0x00000000ab200000, 0x00000000e0000000)
  object space 182272K, 55% used [0x00000000a0000000,0x00000000a623f8c0,0x00000000ab200000)
 Metaspace       used 59497K, capacity 61338K, committed 61528K, reserved 1103872K
  class space    used 6954K, capacity 7463K, committed 7552K, reserved 1048576K
}
Event: 2580.115 GC heap before
{Heap before GC invocations=26 (full 4):
 PSYoungGen      total 406528K, used 388220K [0x00000000e0000000, 0x0000000100000000, 0x0000000100000000)
  eden space 349184K, 100% used [0x00000000e0000000,0x00000000f5500000,0x00000000f5500000)
  from space 57344K, 68% used [0x00000000f5500000,0x00000000f7b1f320,0x00000000f8d00000)
  to   space 59392K, 0% used [0x00000000fc600000,0x00000000fc600000,0x0000000100000000)
 ParOldGen       total 182272K, used 100606K [0x00000000a0000000, 0x00000000ab200000, 0x00000000e0000000)
  object space 182272K, 55% used [0x00000000a0000000,0x00000000a623f8c0,0x00000000ab200000)
 Metaspace       used 60744K, capacity 62706K, committed 62936K, reserved 1103872K
  class space    used 7063K, capacity 7639K, committed 7680K, reserved 1048576K
Event: 2580.137 GC heap after
Heap after GC invocations=26 (full 4):
 PSYoungGen      total 465920K, used 10404K [0x00000000e0000000, 0x0000000100000000, 0x0000000100000000)
  eden space 406528K, 0% used [0x00000000e0000000,0x00000000e0000000,0x00000000f8d00000)
  from space 59392K, 17% used [0x00000000fc600000,0x00000000fd0291e8,0x0000000100000000)
  to   space 58368K, 0% used [0x00000000f8d00000,0x00000000f8d00000,0x00000000fc600000)
 ParOldGen       total 182272K, used 105757K [0x00000000a0000000, 0x00000000ab200000, 0x00000000e0000000)
  object space 182272K, 58% used [0x00000000a0000000,0x00000000a6747620,0x00000000ab200000)
 Metaspace       used 60744K, capacity 62706K, committed 62936K, reserved 1103872K
  class space    used 7063K, capacity 7639K, committed 7680K, reserved 1048576K
}

